<?xml version="1.0" encoding="UTF-8"?>
<!-- Generated by org.testng.reporters.JUnitReportReporter -->
<testsuite hostname="lappy" failures="0" tests="4" name="TestRunner" time="97.657" errors="0" timestamp="2024-10-03T15:09:41 IST" skipped="0">
  <testcase classname="TestRunner" name="runScenario" time="39.732"/>
  <testcase classname="TestRunner" name="runScenario" time="29.185"/>
  <testcase classname="TestRunner" name="runScenario" time="17.111"/>
  <testcase classname="TestRunner" name="runScenario" time="11.629"/>
</testsuite> <!-- TestRunner -->
